2020-11-19 18:44:41.996  INFO 12284 --- [main] lavalink.server.Launcher                 : 

[32m       .  [31m _                  _ _       _    [32m__ _ _
[32m      /\\ [31m| | __ ___   ____ _| (_)_ __ | | __[32m\ \ \ \
[32m     ( ( )[31m| |/ _` \ \ / / _` | | | '_ \| |/ /[32m \ \ \ \
[32m      \\/ [31m| | (_| |\ V / (_| | | | | | |   < [32m  ) ) ) )
[32m       '  [31m|_|\__,_| \_/ \__,_|_|_|_| |_|_|\_\[32m / / / /
[0m    =========================================[32m/_/_/_/[0m

	Version:        3.3.2.1
	Build:          1132
	Build time:     28.10.2020 21:44:36 UTC
	Branch          master
	Commit:         833f72e
	Commit time:    28.10.2020 21:39:31 UTC
	JVM:            14
	Lavaplayer      1.3.53

2020-11-19 18:44:42.095  INFO 12284 --- [main] lavalink.server.Launcher                 : Starting Launcher on Saitama with PID 12284 (C:\Users\antho\Desktop\Saitama\Lavalink.jar started by antho in C:\Users\antho\Desktop\Saitama)
2020-11-19 18:44:42.095  INFO 12284 --- [main] lavalink.server.Launcher                 : No active profile set, falling back to default profiles: default
2020-11-19 18:44:42.194  WARN 12284 --- [background-preinit] o.s.h.c.j.Jackson2ObjectMapperBuilder    : For Jackson Kotlin classes support please add "com.fasterxml.jackson.module:jackson-module-kotlin" to the classpath
2020-11-19 18:44:43.013  WARN 12284 --- [main] io.undertow.websockets.jsr               : UT026010: Buffer pool was not set on WebSocketDeploymentInfo, the default pool will be used
2020-11-19 18:44:43.034  INFO 12284 --- [main] io.undertow.servlet                      : Initializing Spring embedded WebApplicationContext
2020-11-19 18:44:43.035  INFO 12284 --- [main] o.s.web.context.ContextLoader            : Root WebApplicationContext: initialization completed in 898 ms
2020-11-19 18:44:43.337  WARN 12284 --- [main] l.server.config.SentryConfiguration      : Turning off sentry
2020-11-19 18:44:43.593  INFO 12284 --- [main] c.s.d.l.tools.GarbageCollectionMonitor   : GC monitoring enabled, reporting results every 2 minutes.
2020-11-19 18:44:43.768  INFO 12284 --- [main] lavalink.server.config.KoeConfiguration  : OS: Windows 10, Arch: amd64
2020-11-19 18:44:43.769  WARN 12284 --- [main] lavalink.server.config.KoeConfiguration  : This system and architecture appears to not support native audio sending! GC pauses may cause your bot to stutter during playback.
2020-11-19 18:44:43.951  INFO 12284 --- [main] o.s.s.concurrent.ThreadPoolTaskExecutor  : Initializing ExecutorService 'applicationTaskExecutor'
2020-11-19 18:44:44.174  INFO 12284 --- [main] org.xnio                                 : XNIO version 3.3.8.Final
2020-11-19 18:44:44.185  INFO 12284 --- [main] org.xnio.nio                             : XNIO NIO Implementation Version 3.3.8.Final
2020-11-19 18:44:44.234  INFO 12284 --- [main] o.s.b.w.e.u.UndertowServletWebServer     : Undertow started on port(s) 7000 (http) with context path ''
2020-11-19 18:44:44.237  INFO 12284 --- [main] lavalink.server.Launcher                 : Started Launcher in 2.6 seconds (JVM running for 2.985)
2020-11-19 18:44:44.238  INFO 12284 --- [main] lavalink.server.Launcher                 : You can safely ignore the big red warning about illegal reflection. See https://github.com/Frederikam/Lavalink/issues/295
2020-11-19 18:44:45.497  INFO 12284 --- [XNIO-1 task-1] io.undertow.servlet                      : Initializing Spring DispatcherServlet 'dispatcherServlet'
2020-11-19 18:44:45.497  INFO 12284 --- [XNIO-1 task-1] o.s.web.servlet.DispatcherServlet        : Initializing Servlet 'dispatcherServlet'
2020-11-19 18:44:45.504  INFO 12284 --- [XNIO-1 task-1] o.s.web.servlet.DispatcherServlet        : Completed initialization in 6 ms
2020-11-19 18:44:45.520  INFO 12284 --- [XNIO-1 task-1] l.server.io.HandshakeInterceptorImpl     : Incoming connection from /[0:0:0:0:0:0:0:1]:57932
2020-11-19 18:44:45.575  INFO 12284 --- [XNIO-1 task-1] lavalink.server.io.SocketServer          : Connection successfully established from /[0:0:0:0:0:0:0:1]:57932
2020-11-19 18:44:45.589  INFO 12284 --- [XNIO-1 I/O-9] lavalink.server.io.SocketServer          : {"op": "configureResuming", "key": "music-node", "timeout": 60}
2020-11-19 18:45:36.147  INFO 12284 --- [XNIO-1 I/O-9] lavalink.server.io.SocketServer          : Connection closed from /[0:0:0:0:0:0:0:1]:57932 with status CloseStatus[code=1006, reason=] -- Session can be resumed within the next 60 seconds with key music-node
2020-11-19 18:45:41.093  INFO 12284 --- [XNIO-1 task-2] l.server.io.HandshakeInterceptorImpl     : Incoming connection from /[0:0:0:0:0:0:0:1]:57944
2020-11-19 18:45:41.096  INFO 12284 --- [XNIO-1 task-2] lavalink.server.io.SocketServer          : Connection successfully established from /[0:0:0:0:0:0:0:1]:57944
2020-11-19 18:45:41.097  INFO 12284 --- [XNIO-1 I/O-9] lavalink.server.io.SocketServer          : {"op": "configureResuming", "key": "music-node", "timeout": 60}
2020-11-19 18:46:36.149  INFO 12284 --- [pool-2-thread-1] lavalink.server.io.SocketContext         : Shutting down 0 playing players.
2020-11-19 21:27:15.186  INFO 12284 --- [XNIO-1 I/O-9] lavalink.server.io.SocketServer          : Connection closed from /[0:0:0:0:0:0:0:1]:57944 with status CloseStatus[code=1006, reason=] -- Session can be resumed within the next 60 seconds with key music-node
